{"name": "test_post_a_post[data2]", "status": "failed", "statusDetails": {"message": "AssertionError", "trace": "create_post_endpoint = <endpoints.create_post.CreatePost object at 0x000001C2C8B07B10>, data = {'body': 'bars', 'title': 'door', 'userId': 136}\n\n    @pytest.mark.parametrize('data', TEST_DATA)\n    def test_post_a_post(create_post_endpoint, data):\n        create_post_endpoint.create_new_post(payload=data)\n>       create_post_endpoint.check_response_status_is_200()\n\ntests\\test_jsph.py:12: \n_ _ _ _ _ _ _ _ _ _ _ _ _ _ _ _ _ _ _ _ _ _ _ _ _ _ _ _ _ _ _ _ _ _ _ _ _ _ _ _ _ _ _ _ _ _ _ _ _ _ _ _ _ _ _ _ _ _ _ _ _ _ _ _ _ _ _ _ _ _ _ _ _ _ _ _ _ _ _ _ _ _ _ _ _ _ _ _ \n\nself = <endpoints.create_post.CreatePost object at 0x000001C2C8B07B10>\n\n    @allure.step('Check that response is 200')\n    def check_response_status_is_200(self):\n>       assert  self.response.status_code == 200\nE       AssertionError\n\nendpoints\\endpoint.py:15: AssertionError"}, "steps": [{"name": "Create new post", "status": "passed", "parameters": [{"name": "payload", "value": "{'title': 'door', 'body': 'bars', 'userId': 136}"}, {"name": "headers", "value": "None"}], "start": 1744543709067, "stop": 1744543709508}, {"name": "Check that response is 200", "status": "failed", "statusDetails": {"message": "AssertionError\n", "trace": "  File \"C:\\Users\\HYPER PC\\Documents\\PY Test Projects\\python_test\\.venv\\Lib\\site-packages\\allure_commons\\_allure.py\", line 202, in impl\n    return func(*a, **kw)\n  File \"C:\\Users\\HYPER PC\\Documents\\PY Test Projects\\api_tests_framework\\endpoints\\endpoint.py\", line 15, in check_response_status_is_200\n    assert  self.response.status_code == 200\n            ^^^^^^^^^^^^^^^^^^^^^^^^^^^^^^^^\n"}, "start": 1744543709508, "stop": 1744543709508}], "parameters": [{"name": "data", "value": "{'title': 'door', 'body': 'bars', 'userId': 136}"}], "start": 1744543709067, "stop": 1744543709509, "uuid": "3be0ab6b-0c72-4d41-a3c6-697ab55a0732", "historyId": "ee4573bb6b0b4bcaa5148bc55d3131de", "testCaseId": "adc909c86fa8187af748195563d93306", "fullName": "tests.test_jsph#test_post_a_post", "labels": [{"name": "parentSuite", "value": "tests"}, {"name": "suite", "value": "test_jsph"}, {"name": "host", "value": "DESKTOP-E5VPO7S"}, {"name": "thread", "value": "1280-MainThread"}, {"name": "framework", "value": "pytest"}, {"name": "language", "value": "cpython3"}, {"name": "package", "value": "tests.test_jsph"}]}