{"name": "test_post_a_post", "status": "failed", "statusDetails": {"message": "AssertionError: Title is incorrect", "trace": "create_post_endpoint = <endpoints.create_post.CreatePost object at 0x000002B50FC7FCB0>\n\n    def test_post_a_post(create_post_endpoint):\n        with allure.step('Sent user data to register a new user'):\n            payload = {\n                \"title\": \"foor\",\n                \"body\": \"bars\",\n                \"userId\": 134,\n            }\n            headers = {\n                'Content-Type' : 'application/json'\n            }\n    \n        create_post_endpoint.create_new_post(payload=payload, headers=headers)\n>       create_post_endpoint.check_response_is_correct(payload['title'])\n\ntests\\test_jsph.py:16: \n_ _ _ _ _ _ _ _ _ _ _ _ _ _ _ _ _ _ _ _ _ _ _ _ _ _ _ _ _ _ _ _ _ _ _ _ _ _ _ _ _ _ _ _ _ _ _ _ _ _ _ _ _ _ _ _ _ _ _ _ _ _ _ _ _ _ _ _ _ _ _ _ _ _ _ _ _ _ _ _ _ _ _ _ _ _ _ _ \n\nself = <endpoints.create_post.CreatePost object at 0x000002B50FC7FCB0>, title = 'foor'\n\n    @allure.step('Check if created user`s id is correct')\n    def check_response_is_correct(self, title):\n>       assert self.json['title'] == 'foor1', 'Title is incorrect'\nE       AssertionError: Title is incorrect\n\nendpoints\\create_post.py:21: AssertionError"}, "steps": [{"name": "Sent user data to register a new user", "status": "passed", "start": 1744299410663, "stop": 1744299410663}, {"name": "Create new post", "status": "passed", "parameters": [{"name": "payload", "value": "{'title': 'foor', 'body': 'bars', 'userId': 134}"}, {"name": "headers", "value": "{'Content-Type': 'application/json'}"}], "start": 1744299410663, "stop": 1744299410839}, {"name": "Check if created user`s id is correct", "status": "failed", "statusDetails": {"message": "AssertionError: Title is incorrect\n", "trace": "  File \"C:\\Users\\HYPER PC\\Documents\\PY Test Projects\\python_test\\.venv\\Lib\\site-packages\\allure_commons\\_allure.py\", line 202, in impl\n    return func(*a, **kw)\n  File \"C:\\Users\\HYPER PC\\Documents\\PY Test Projects\\api_tests_framework\\endpoints\\create_post.py\", line 21, in check_response_is_correct\n    assert self.json['title'] == 'foor1', 'Title is incorrect'\n           ^^^^^^^^^^^^^^^^^^^^^^^^^^^^^\n"}, "parameters": [{"name": "title", "value": "'foor'"}], "start": 1744299410839, "stop": 1744299410839}], "start": 1744299410663, "stop": 1744299410843, "uuid": "03ab3b57-e7fc-41c0-b341-fe28f6597e19", "historyId": "adc909c86fa8187af748195563d93306", "testCaseId": "adc909c86fa8187af748195563d93306", "fullName": "tests.test_jsph#test_post_a_post", "labels": [{"name": "parentSuite", "value": "tests"}, {"name": "suite", "value": "test_jsph"}, {"name": "host", "value": "DESKTOP-E5VPO7S"}, {"name": "thread", "value": "32900-MainThread"}, {"name": "framework", "value": "pytest"}, {"name": "language", "value": "cpython3"}, {"name": "package", "value": "tests.test_jsph"}]}