{"name": "test_post_a_post[data0]", "status": "failed", "statusDetails": {"message": "AssertionError", "trace": "create_post_endpoint = <endpoints.create_post.CreatePost object at 0x000001C2C8BBFE00>, data = {'body': 'bars', 'title': 'foor', 'userId': 134}\n\n    @pytest.mark.parametrize('data', TEST_DATA)\n    def test_post_a_post(create_post_endpoint, data):\n        create_post_endpoint.create_new_post(payload=data)\n>       create_post_endpoint.check_response_status_is_200()\n\ntests\\test_jsph.py:12: \n_ _ _ _ _ _ _ _ _ _ _ _ _ _ _ _ _ _ _ _ _ _ _ _ _ _ _ _ _ _ _ _ _ _ _ _ _ _ _ _ _ _ _ _ _ _ _ _ _ _ _ _ _ _ _ _ _ _ _ _ _ _ _ _ _ _ _ _ _ _ _ _ _ _ _ _ _ _ _ _ _ _ _ _ _ _ _ _ \n\nself = <endpoints.create_post.CreatePost object at 0x000001C2C8BBFE00>\n\n    @allure.step('Check that response is 200')\n    def check_response_status_is_200(self):\n>       assert  self.response.status_code == 200\nE       AssertionError\n\nendpoints\\endpoint.py:15: AssertionError"}, "steps": [{"name": "Create new post", "status": "passed", "parameters": [{"name": "payload", "value": "{'title': 'foor', 'body': 'bars', 'userId': 134}"}, {"name": "headers", "value": "None"}], "start": 1744543708377, "stop": 1744543708574}, {"name": "Check that response is 200", "status": "failed", "statusDetails": {"message": "AssertionError\n", "trace": "  File \"C:\\Users\\HYPER PC\\Documents\\PY Test Projects\\python_test\\.venv\\Lib\\site-packages\\allure_commons\\_allure.py\", line 202, in impl\n    return func(*a, **kw)\n  File \"C:\\Users\\HYPER PC\\Documents\\PY Test Projects\\api_tests_framework\\endpoints\\endpoint.py\", line 15, in check_response_status_is_200\n    assert  self.response.status_code == 200\n            ^^^^^^^^^^^^^^^^^^^^^^^^^^^^^^^^\n"}, "start": 1744543708574, "stop": 1744543708574}], "parameters": [{"name": "data", "value": "{'title': 'foor', 'body': 'bars', 'userId': 134}"}], "start": 1744543708377, "stop": 1744543708578, "uuid": "d9aae945-735e-45ef-97db-a5a810c72367", "historyId": "41f3d5898d28759106638b763a9ac1ff", "testCaseId": "adc909c86fa8187af748195563d93306", "fullName": "tests.test_jsph#test_post_a_post", "labels": [{"name": "parentSuite", "value": "tests"}, {"name": "suite", "value": "test_jsph"}, {"name": "host", "value": "DESKTOP-E5VPO7S"}, {"name": "thread", "value": "1280-MainThread"}, {"name": "framework", "value": "pytest"}, {"name": "language", "value": "cpython3"}, {"name": "package", "value": "tests.test_jsph"}]}